build/outputs/logs/manifest-merger-release-report.txt
-- Merging decision tree log ---
manifest
ADDED from src/main/AndroidManifest.xml:2:1-19:12
	package
		ADDED from src/main/AndroidManifest.xml:3:7-40
	android:versionName
		ADDED from src/main/AndroidManifest.xml:5:7-32
	android:versionCode
		ADDED from src/main/AndroidManifest.xml:4:7-30
		INJECTED from src/main/AndroidManifest.xml
		INJECTED from src/main/AndroidManifest.xml
	xmlns:android
		ADDED from src/main/AndroidManifest.xml:2:11-69
uses-sdk
ADDED from src/main/AndroidManifest.xml:7:7-75
	android:targetSdkVersion
		ADDED from src/main/AndroidManifest.xml:7:44-73
	android:minSdkVersion
		ADDED from src/main/AndroidManifest.xml:7:17-43
application
ADDED from src/main/AndroidManifest.xml:8:5-18:19
	android:label
		ADDED from src/main/AndroidManifest.xml:9:9-41
	android:icon
		ADDED from src/main/AndroidManifest.xml:10:9-45
activity#com.zlsam.learngraphics.bitmap.TestBitmapActivity
ADDED from src/main/AndroidManifest.xml:11:9-17:20
	android:label
		ADDED from src/main/AndroidManifest.xml:12:19-41
	android:name
		ADDED from src/main/AndroidManifest.xml:11:19-60
intent-filter#android.intent.action.MAIN+android.intent.category.LAUNCHER
ADDED from src/main/AndroidManifest.xml:13:13-16:29
action#android.intent.action.MAIN
ADDED from src/main/AndroidManifest.xml:14:17-69
	android:name
		ADDED from src/main/AndroidManifest.xml:14:25-66
category#android.intent.category.LAUNCHER
ADDED from src/main/AndroidManifest.xml:15:17-77
	android:name
		ADDED from src/main/AndroidManifest.xml:15:27-74